    1  wget    https://s3.amazonaws.com/amazon-reviews-pds/tsv/amazon_reviews_us_Books_v1_02.tsv.gz
    2  ls
    3  gunzip amazon_reviews_us_Books_v1_02.tsv.gz
    4  grep 'verified' amazon_reviews_us_Books_v1_02.tsv.gz > verified.txt
    5  ls
    6  grep 'verified' amazon_reviews_us_Books_v1_02.tsv.gz > verified.txt
    7  grep 'verified' amazon_reviews_us_Books_v1_02.tsv > verified.txt
    8  cmdline amazon_reviews_us_Books_v1_02.tsv
    9  vi amazon_reviews_us_Books_v1_02.tsv
   10  ls
   11  grep 'verified' amazon_reviews_us_Books_v1_02.tsv > verified.txt
   12  grep -v 'verified' amazon_reviews_us_Books_v1_02.tsv > unverified.txt
   13  wc verified.txt > counts.txt
   14  wc unverified.txt >> counts.txt
   15  vi counts.txt
   16  history > cmds.log
   17  ls
   18  git status
   19  git init
   20  git status
   21  git add counts.txt
   22  git add cmds.log
   23  git status
   24  git commit -m "Worksheet2 commit"
   25  git config --global user.email "aidan.kormanik@sjsu.edu"
   26  git commit -m "Worksheet2 commit"
   27  git remote add origin https://github.com/apkormanik/Worksheet2.git
   28  git branch -M main
   29  git push -u origin main
   30  echo "# Worksheet2" >> README.md
   31  git init
   32  git add README.md
   33  git commit -m "first commit"
   34  git branch -M main
   35  git remote add origin https://github.com/apkormanik/Worksheet2.git
   36  git push -u origin ma
   37  clear
   38  git status
   39  ls
   40  git git commit -m "Your message about the commit"
   41  git commit -m "Worksheet 2 commit"
   42  git config --global user.name "Aidan Kormanik"
   43  git commit -m "Worksheet 2 commit"
   44  git remote add origin https://github.com/apkormanik/Worksheet2.git
   45  git branch -M main
   46  git push -u origin main
   47  ls
   48  cd
   49  pwd
   50  id -u
   51  echo $UID
   52  whoami
   53  groups
   54  id
   55  ls
   56  cd /proc
   57  ls
   58  cd
   59  cd /proc
   60  cd meminfo
   61  head meminfo
   62  tail cpuinfo
   63  cd
   64  ls
   65  ls -l amazon_reviews_us_Books_v1_02.tsv.gz.1
   66  cd
   67  pwd
   68  id -u
   69  whoami
   70  groups
   71  mkdir temp
   72  chmod -x temp
   73  cd temp
   74  ls temp
   75  ls -l temp
   76  mkdir test
   77  mv test temp
   78  mkdir test2
   79  mv test2 test
   80  cp test testcopy
   81  cp -avr test testcopy
   82  cd /proc
   83  ls
   84  head meminfo
   85  tail cpuinfo
   86  cd
   87  ls
   88  ls -l amazon_reviews_us_Books_v1_02.tsv.gz.1
   89  grep -c "great" amazon_reviews_us_Books_v1_02.tsv
   90  clear
   91  script a1.txt
   92  less at.txt
   93  less a1.txt
   94  vi a1.txt
   95  git init
   96  git status
   97  git add a1.txt
   98  git status
   99  git remote add origin https://github.com/apkormanik/a1.git
  100  git branch -M main
  101  git push -u origin main
  102  git commit -m "Commit for the a1.txt file"
  103  git remote add origin https://github.com/apkormanik/a1.git
  104  git branch -M main
  105  git push -u origin main
  106  git status
  107  git add a1.txt
  108  git status
  109  echo "# a1" >> README.md
  110  git init
  111  git add README.md
  112  git commit -m "first commit"
  113  git branch -M main
  114  git remote add origin https://github.com/apkormanik/a1.git
  115  git push -u origin main
  116  mkdir a1
  117  mv a1.txt a1
  118  ls
  119  cd a1
  120  ls
  121  git init
  122  git status
  123  git add a1.txt
  124  git commit -m "Commit for a1.txt file"
  125  git remote add origin https://github.com/apkormanik/a1.git
  126  git branch -M main
  127  git push -u origin main
  128  cd ws3
  129  cut -d " " -f 2 ../amazon_reviews_us_Books_v1_02.tsv > customerids.txt
  130  cut -d " " -f 4 ../amazon_reviews_us_Books_v1_02.tsv > productids.txt
  131  sort productids.txt | uniq -c | sort -nk1 --reverse | head
  132  head productids.txt
  133  head customerids.txt
  134  cut -d " " -f 2 ../amazon_reviews_us_Books_v1_02.tsv > customerids.txt
  135  wc *txt
  136  head customerids.txt
  137  cut -d " " -f 1 ../amazon_reviews_us_Books_v1_02.tsv > customerids.txt
  138  head customerids.txt
  139  cut -d " " -f 3 ../amazon_reviews_us_Books_v1_02.tsv > customerids.txt
  140  head customerids.txt
  141  head -n 1 ../amazon_reviews_us_Books_v1_02.tsv 
  142  cut -d " " -f 2 ../amazon_reviews_us_Books_v1_02.tsv > customerids.txt
  143  head customerids.txt
  144  ls -altr
  145  clear
  146  ls
  147  mkdir ws3
  148  cd ws3
  149  cd
  150  script ws3.txt
  151  ls
  152  cd ws3
  153  cd
  154  cd ws3
  155  ls
  156  head customerids.txt
  157  cd ls
  158  rmdir ws3.txt
  159  head -n 1 ../amazon_reviews_us_Books_v1_02.tsv
  160  cud -d " " -f 2 ../amazon_reviews_us_Books_v1_02.tsv > customerids.txt
  161  cut -d " " -f 2 ../amazon_reviews_us_Books_v1_02.tsv > customerids.txt
  162  head customerids.txt
  163  cut -d " " -f 2 ../amazon_reviews_us_Books_v1_02.tsv > customerids.txt
  164  cut -f 2 ../amazon_reviews_us_Books_v1_02.tsv > customerids.txt
  165  head customerids.txt
  166  claer
  167  cut -f 2 ../amazon_reviews_us_Books_v1_02.tsv > customerids.txt
  168  sort customerids.txt | uniq -c | sort -nk1 --reverse |head
  169  cut -f 4 ../amazon_reviews_us_Books_v1_02.tsv > productids.txt
  170  sort productids.txt | uniq -c | sort -nk1 --reverse | head
  171  cut -f 9 ../amazon_reviews_us_Books_v1_02.tsv > helpful.txt
  172  sort helpful.txt | uniq -c | sort -nk1 --reverse | head
  173  history > cmds.log
  174  clear
  175  ls
  176  del /f ws3.txt
  177  del ws3.txt
  178  rm ws3.txt
  179  ls
  180  cd ws3
  181  head productids.txt
  182  script ws3.txt
  183  clear
  184  ls
  185  rm ws3.txt
  186  clear
  187  script ws3.txt
  188  vi ws3.txt
  189  git init
  190  git status
  191  git add ws3.txt
  192  git add cmds.log
  193  git status
  194  git remote add origin https://github.com/apkormanik/ws3.git
  195  git branch -M main
  196  git push -u origin main
  197  git remote add origin https://github.com/apkormanik/ws3.git
  198  git push -u origin main
  199  git commit -m "Commit for ws3"
  200  git remote add origin https://github.com/apkormanik/ws3.git
  201  git branch -M main
  202  git push -u origin main
  203  vi cmds.log
  204  cd 
  205  vi cmds.log
  206  ls
  207  rm cmds.log
  208  cd ws3
  209  vi cmds.log
  210  rm cmds.log
  211  history > cmds.log
  212  vi cmds.log
  213  history
  214  mkdir CUSTOMERS
  215  mkdir PRODUCTS
  216  grep 50122160 ../amazon_reviews_us_Books_v1_02.tsv > CUSTOMERS/50122160.txt
  217  ls -altr CUSTOMERS/
  218  cd CUSTOMERS/
  219  cut -f 9 50122160.txt > 50122160.helpfulness.txt
  220  ls -latr
  221  count=0; total=0;
  222  for i in 'cat 50122160.helpfulness.txt' ; dototal=$(echo $total+$i | bc); ((count++)) ; done
  223  for i in 'cat 50122160.helpfulness.txt' ; do total=$(echo $total+$i | bc); ((count++)) ; done
  224  history | grep bc
  225  for i in 'cat 50122160.helpfulness.txt' ; do total=$(echo $total+$i | bc ); ((count++)) ; done
  226  (standard_in) 1: syntax error
  227  for i in 'cat 50122160.helpfulness.txt' ; do total=$(echo $total+$i | bc ); ((count++)) ; done
  228  (standard_in) 1: syntax error
  229  for i in 50122160.helpfulness.txt ; do total=$(echo $total+$i | bc ); ((count++)) ; done
  230  for i in 'cat 50122160.helpfulness.txt' ; do total=$(echo $total+$i | bc ); ((count++)) ; done;
  231  count=0; total=0; for i in 'cat 50122160.helpfulness.txt' ; do total=$(echo $total+$i | bc ); ((count++)) ; done
  232  count=0; total=0; for i in 'cat 50122160.helpfulness.txt' ; do total=$(echo $total+$i | bc ); ((count++)) ; done; echo "scale=2; $total / $count" | bc
  233  count=0; total=0; for i in 'cat 50122160.helpfulness.txt' ; do total=(echo total+i | bc ); ((count++)) ; done
  234  count=0; total=0; for i in 'cat 50122160.helpfulness.txt' ; do total=(echo total+i); ((count++)) ; done
  235  wc 50122160.helpfulness.txt
  236  echo total
  237  echo $total
  238  count=0;
  239  echo count
  240  echo $count
  241  count=0; total=0; for i in 'cat 50122160.helpfulness.txt' ; do total=(echo total+i); ((count++)) ; done
  242  echo$count
  243  echo $count
  244  count=0; total=0; for i in 'cat 50122160.helpfulness.txt' ; do total=(echo $total+$i | bc); (($count++)) ; done
  245  count=0; total=0; for i in 'cat 50122160.helpfulness.txt' ; do total=(echo $total+$i | bc ); (($count++)) ; done
  246  count = 0; total=0; for i in `cat 50122160.helpfulness.txt` ; do total=$(echo $total+$i | bc); ((count++)) ; done
  247  d
  248  clear
  249  no
  250  count=0; total=0; for i in `cat 50122160.helpfulness.txt` ; do total=$(echo $total+$i | bc); ((count++)) ; done
  251  echo $total
  252  echo "$total / $count" | bc
  253  echo "scale=2; $total / $count" | bc
  254  count=0; total=0; for i in `cat 50122160.helpfulness.txt` ; do total=$(echo $i-6.12 | bc ); ((count++)) ; done
  255  count=0; total=0; for i in `cat 50122160.helpfulness.txt` ; do total=$(echo $total+($i-6.12)^2 | bc ); ((count++)) ; done
  256  echo $total
  257  echo$count
  258  echo $count
  259  echo "scale=2; $total / $count" | bc
  260  clear
  261  ls
  262  mkdir WS4
  263  cd WS4
  264  script ws4.txt
  265  ls
  266  rm ws4.txt
  267  ls
  268  cd CUSTOMERS
  269  ls
  270  cd
  271  ls
  272  cd ws3
  273  ls
  274  head customerids.txt
  275  sort customerids.txt | uniq -c | sort -nk1 --reverse | head
  276  sort productids.txt | uniq -c | sort -nk1 --reverse | head
  277  clear
  278  cd
  279  cd WS4
  280  cd
  281  ls
  282  cd
  283  cd WS4
  284  clear
  285  script ws4.txt
  286  less ws4.txt
  287  mkdir CUSTOMERS
  288  mkdir PRODUCTS
  289  grep 49693975 ../amazon_reviews_us_Books_v1_02.tsv > CUSTOMERS/49693975.txt
  290  grep 50913245 ../amazon_reviews_us_Books_v1_02.tsv > CUSTOMERS/50913245.txt
  291  grep 45273033 ../amazon_reviews_us_Books_v1_02.tsv > CUSTOMERS/45273033.txt
  292  grep 0895260174 ../amazon_reviews_us_Books_v1_02.tsv > PRODUCTS/0895260174.txt
  293  grep 0439784549 ../amazon_reviews_us_Books_v1_02.tsv > PRODUCTS/0439784549.txt
  294  grep 1400050308 ../amazon_reviews_us_Books_v1_02.tsv > PRODUCTS/1400050308.txt
  295  cd CUSTOMERS
  296  cut -f 9 49693975.txt > 49693975.helpfulness.txt
  297  head 49693975.helpfulness.txt
  298  cut -f 9 50913245.txt > 50913245.helpfulness.txt
  299  cut -f 9 45273033.txt > 45273033.helpfulness.txt
  300  ls
  301  cd
  302  cd WS4/PRODUCTS
  303  cut -f 9 0895260174.txt > 0895260174.helpfulness.txt
  304  head 0895260174.helpfulness.txt
  305  cut -f 9 0439784549.txt > 0439784549.helpfulness.txt
  306  cut -f 9 1400050308.txt > 1400050308.helpfulness.txt
  307  cd
  308  cd WS4/CUSTOMERS
  309  count=0; total=0; for i in `cat 49693975.helpfulness.txt` ; do total=$(echo $total+$i | bc); ((count++)) ; done
  310  echo "scale=2; $total / $count" | bc
  311  count=0; total=0; for i in `cat 49693975.helpfulness.txt` ; do total=$(echo $total+($i-4.97)^2 | bc ); ((count++)) ; done
  312  echo "scale=2; $total / $count" | bc
  313  count=0; total=0; for i in `cat 50913245.helpfulness.txt` ; do total=$(echo $total+$i | bc); ((count++)) ; done
  314  echo "scale=2; $total / $count" | bc
  315  count=0; total=0; for i in `cat 50913245.helpfulness.txt` ; do total=$(echo $total+($i-11.38)^2 | bc ); ((count++)) ; done
  316  echo "scale=2; $total / $count" | bc
  317  count=0; total=0; for i in `cat 45273033.helpfulness.txt` ; do total=$(echo $total+$i | bc); ((count++)) ; done
  318  echo "scale=2; $total / $count" | bc
  319  count=0; total=0; for i in `cat 45273033.helpfulness.txt` ; do total=$(echo $total+($i-6.38)^2 | bc ); ((count++)) ; done
  320  echo "scale=2; $total / $count" | bc
  321  cd
  322  cd WS4/PRODUCTS
  323  count=0; total=0; for i in `cat 0895260174.helpfulness.txt` ; do total=$(echo $total+$i | bc); ((count++)) ; done
  324  echo "scale=2; $total / $count" | bc
  325  count=0; total=0; for i in `cat 0895260174.helpfulness.txt` ; do total=$(echo $total+($I-28.98)^2 | bc ); ((count++)) ; done
  326  echo "scale=2; $total / $count" | bc
  327  count=0; total=0; for i in `cat 0439784549.helpfulness.txt` ; do total=$(echo $total+$i | bc); ((count++)) ; done
  328  echo "scale=2; $total / $count" | bc
  329  count=0; total=0; for i in `cat 0439784549.helpfulness.txt` ; do total=$(echo $total+($I-5.83)^2 | bc ); ((count++)) ; done
  330  echo "scale=2; $total / $count" | bc
  331  count=0; total=0; for i in `cat 1400050308.helpfulness.txt` ; do total=$(echo $total+$i | bc); ((count++)) ; done
  332  echo "scale=2; $total / $count" | bc
  333  count=0; total=0; for i in `cat 1400050308.helpfulness.txt` ; do total=$(echo $total+($I-13.04)^2 | bc ); ((count++)) ; done
  334  echo "scale=2; $total / $count" | bc
  335  cd
  336  cd WS4
  337  history > cmds.log
  338  touch README
  339  vi README
  340  clear
  341  cd WS$
  342  cd WS4
  343  ls
  344  rm ws4.txt
  345  rmdir CUSTOMERS
  346  cd CUSTOMERS
  347  ls
  348  rm 50122160.helpfulness.txt
  349  rm 50122160.txt
  350  ls
  351  cd
  352  cd WS$
  353  cd WS4
  354  ls
  355  rmdir CUSTOMERS
  356  rmdir PRODUCTS
  357  ls
  358  clear
  359  script ws4.txt
  360  less ws4.txt
  361  git init
  362  git status
  363  git add ws4.txt
  364  git add cmds.log
  365  git add README
  366  git status
  367  git remote add origin https://github.com/apkormanik/ws4.git
  368  git branch -M main
  369  git push -u origin main
  370  git commit -m "Commit for ws4.txt, cmds.log, README"
  371  git remote add origin https://github.com/apkormanik/ws4.git
  372  git branch -M main
  373  git push -u origin main
  374  ls
  375  cd ws3
  376  ls
  377  head customerids.txt
  378  head -100 customerids.txt > 100customerids.txt
  379  ls
  380  wc 100customerids.txt
  381  head -100 productids.txt > 100productids.txt
  382  wc 100productids.txt
  383  cd
  384  head -n 1 amazon_reviews_us_Books_v1_02.tsv
  385  cut -f 6 amazon_reviews_us_Books_v1_02.tsv | sort | uniq |wc -l
  386  cut -f 2 ../amazon_reviews_us_Books_v1_02.tsv | sort | uniq |wc -l
  387  cut -f 4 ../amazon_reviews_us_Books_v1_02.tsv | sort | uniq |wc -l
  388  cut -f 6 ../amazon_reviews_us_Books_v1_02.tsv | sort | uniq |wc -l
  389  cd
  390  cd ws3
  391  head -100 customerids.txt > ../a2/100customers.txt
  392  head -100 productids.txt > ../a2/100products.txt
  393  ls
  394  cut -f 4 ../amazon_reviews_us_Books_v1_02.tsv | sort | uniq -c | sort -nk1 --reverse > productids.txt
  395  head productids.txt
  396  rm productids.txt
  397  cut -f 4 ../amazon_reviews_us_Books_v1_02.tsv > productids.txt
  398  head productids.txt
  399  head -100 productids.txt > ../a2/100products.txt
  400  cd 
  401  cd a2
  402  ls
  403  mkdir CUSTOMERS
  404  mkdir PRODUCTS
  405  for i in `cat 100customers`; do egrep $i ../amazon_reviews_us_Books_v1_02.tsv | cut -f 8,9 >> ~/a2/CUSTOMERS/$i.txt; echo "$i"; done
  406  for i in `cat 100customers.txt`; do egrep $i ../amazon_reviews_us_Books_v1_02.tsv | cut -f 8,9 >> ~/a2/CUSTOMERS/$i.txt; echo "$i"; done
  407  for i in `cat 100products.txt`; do egrep $i ../amazon_reviews_us_Books_v1_02.tsv | cut -f 8,9 >> ~/a2/PRODUCTS/$i.txt; echo "$i"; done
  408  ls
  409  cd CUSTOMERS
  410  ls
  411  cd
  412  cd a2
  413  vi ~/.bashrc
  414  head ~/.bashrc
  415  head -100 ~/.bashrc
  416  head -200 ~/.bashrc
  417  cd CUSTOMERS
  418  w
  419  ls -la | wc
  420  cd
  421  cd a2/PRODUCTS
  422  ls -la | wc
  423  cd
  424  cd a2/CUSTOMERS
  425  sudo apt install datamash
  426  cd
  427  wget http://ftp.gnu.org/gnu/datamash/datamash-1.3.tar.gz
  428  tar -xzf datamash-1.3.tar.gz
  429  cd datamash-1.3
  430  ./configure
  431  make
  432  make check
  433  cd ~/datamash-1.3
  434  ./datamash -W ppearson 1:2 < ../a2/CUSTOMERS/12066099.txt
  435  cd
  436  cd datamash-1.3
  437  sudo make install
  438  brew install datamash
  439  cd
  440  sudo apt install parallel
  441  sftp kormanik@12.42.205.186
  442  ls
  443  tar xvf parallel-latest.tar
  444  bunzip2 parallel-latest.tar.bz2
  445  tar xvf parallel-latest.tar
  446  ./parallel-20210822/src/parallel
  447  wget http://ftp.gnu.org/gnu/datamash/datamash-1.3.tar.gz
  448  tar -xzf datamash-1.3.tar.gz
  449  cd datamash-1.3
  450  ./configure
  451  make
  452  make check
  453  ./datamash -W ppearson1:2 < ../a2/CUSTOMERS/13499553.txt
  454  ./datamash -W ppearson 1:2 < ../a2/CUSTOMERS/13499553.txt
  455  head ~/a2/CUSTOMERS/13499553.txt
  456  head ~/a2/CUSTOMERS/50913245.txt
  457  ./datamash -W ppearson 1:2 < ../a2/CUSTOMERS/50913245.txt
  458  for file in ~/a2/CUSTOMERS/*.txt; do ./datamash  -W ppearson 1:2 < $file >> ~/a2/custcorrelation; done
  459  for file in ~/a2/CUSTOMERS/*txt; do ./datamash -W ppearson 1:2 $file > ~/a2/customercorrelation.txt; done
  460  for file in ~/a2/CUSTOMERS/*txt; do ./datamash -W ppearson 1:2 <$file> > ~/a2/customercorrelation.txt; done
  461  for file in ~/a2/CUSTOMERS/*txt; do ./datamash -W ppearson 1:2 < $file >> ~/a2/customercorrelation.txt; done
  462  cd 
  463  cd a2
  464  ls
  465  head custcorrelation
  466  cd ws3
  467  cd CUSTOMERS
  468  ls
  469  head 50732546.txt
  470  head 12068140.txt
  471  head 12073911.txt
  472  head 12075168.txt
  473  head customer_id.txt
  474  rm customer_id.txt
  475  cd
  476  cd datamash-1.3
  477  for file in ~/a2/CUSTOMERS/*.txt; do ./datamash  -W ppearson 1:2 < $file >> ~/a2/customercorrelation; done
  478  sort ~/a2/customercorrelation
  479  cd
  480  cd a2
  481  for file in ~/a2/CUSTOMERS/*.txt;  do count=0; total=0;  for i in $( awk '{ print $2; }' $file );  do total=$(echo $total+$i | bc ); ((count++));  done;  echo "scale=2; $total / $count" | bc >> ~/a2/meanHelpfulness.txt; done
  482  sort meanHelpfulness.txt
  483  for file in ~/a2/PRODUCTS/*.txt;  do count=0; total=0;  for i in $( awk '{ print $1; }' $file ); do total=$(echo $total+$i | bc ); ((count++)); done; echo "scale=2; $total / $count" | bc >> ~/a2/meanStarRating.txt; done
  484  sort meanStarRating.txt
  485  clear
  486  cd ws3
  487  rm 100customerids.txt
  488  rm 100 productids.txt
  489  rm 100productids.txt
  490  ls
  491  cd
  492  mkdir a2
  493  cd a2
  494  script a2.txt
  495  ls
  496  vi a2.txt
  497  git init
  498  git status
  499  git add a2.txt
  500  git commit -m "Commit for a2.txt"
  501  git remote add origin https://github.com/apkormanik/a2.git
  502  git branch -M main
  503  git push -u origin main
  504  cd
  505  cd ws3
  506  ls
  507  cd
  508  cd ws5
  509  awk '{print $2}' ../ws3/customerids.txt.sorted.uniqcounts.reverse | head -n 1000 > 1000customers.txt
  510  ls
  511  head -n 3 1000customers.txt
  512  wc 1000customers.txt
  513  tmux
  514  for i in `cat 1000customers.txt`; do grep $i ../amazon_reviews_us_Books_v1_02.tsv >> ~/ws5/CUSTOMERS/$i.txt; echo "$i"; done
  515  ls
  516  cd CUSTOMERS
  517  ls | wc -l
  518  ls 
  519  cd
  520  cd ws5
  521  history > cmds.log
  522  ls
  523  git init
  524  git add ws5.txt
  525  git add cmds.log
  526  git status
  527  git commit -m "Commit for ws5.txt and cmds.log"
  528  git remote add origin https://github.com/apkormanik/ws5.git
  529  git branch -M main
  530  git push -u origin main
  531  cd ws3
  532  ls
  533  cd
  534  ls
  535  cd ws3
  536  cut -f 2 ../amazon_reviews_us_Books_v1_02.tsv | sort | uniq -c | sort -nk1 --reverse > customerids.txt.sorted.reverse
  537  head -n 3 customerids.txt.sorted.reverse
  538  customerids.txt.sorted.reverse > customerids.txt.sorted.uniqcounts.reverse
  539  cut -f 2 ../amazon_reviews_us_Books_v1_02.tsv | sort | uniq -c | sort -nk1 --reverse > customerids.txt.sorted.uniqcounts.reverse
  540  head -n 3 customerids.txt.sorted.uniqcounts.reverse
  541  cd
  542  mkdir ws5
  543  cd ws5
  544  script ws5.txt
  545  git add ws5.txt
  546  git status
  547  vi ws5.txt
  548  git commit -m "Updated ws5.txt file
  549  "
  550  git remote add origin https://github.com/apkormanik/ws5.git
  551  git push -u origin main
  552  exit
  553  DATETIME = $(date + "%m%d%Y%H%M%S")
  554  DATETIME=$(date +"%m%d%Y%H%M%S")
  555  cd
  556  cd a2
  557  ls
  558  cd PRODUCTS
  559  ls
  560  cd
  561  cd ws6
  562  cp ../a2/PRODUCTS/0966170229.txt PRODUCTS/0966170229.$DATETIME.txt
  563  mkdir PRODUCTS
  564  cp ../a2/PRODUCTS/0966170229.txt PRODUCTS/0966170229.$DATETIME.txt
  565  cd PRODUCTS
  566  ls
  567  tail -n 1 0966170229.10152021011601.txt
  568  ln -s 0966170229.10152021011601.txt 0966170229.LATEST.txt
  569  crontab -e
  570  crontab -l
  571  cd
  572  cd a2
  573  cd PRODUCTS
  574  ls
  575  head 0312873077.txt
  576  clear
  577  export DATETIME=`date “+%Y%m%d_%H%M%S”`
  578  DATETIME=$(date +"%m%d%Y%H%M%S")
  579  cd
  580  cd a2/PRODUCTS
  581  ls
  582  cp 0312873077.txt ../ws6/PRODUCTS/0312873077.$DATETIME.txt
  583  cp 0312873077.txt ~/ws6/PRODUCTS/0312873077.$DATETIME.txt
  584  cd
  585  cd ws6/PRODUCTS
  586  ls
  587  tail -n 1 0312873077.10152021041616.txt >> 0312873077.10152021041616.txt
  588  ls
  589  ln -s 0312873077.10152021041616.txt 0312873077.10152021041616.LATEST.txt
  590  ls
  591  rm 0312873077.10152021041616.LATEST.txt
  592  ln -s 0312873077.10152021041616.txt 0312873077.LATEST.txt
  593  ls
  594  crontab -l
  595  crontab 0312873077.LATEST.txt
  596  crontab -l
  597  vi crontab2
  598  cat cronfile
  599  cat cronfile2
  600  crontab -l
  601  crontab -r
  602  crontab -l
  603  vi crontab2
  604  cat cronfile2
  605  crontab -e aidan
  606  crontab -e
  607  cat cronfile2
  608  crontab -e
  609  ls
  610  crontab -e
  611  ls
  612  rm 0312873077.AVERAGE.txt
  613  ls
  614  history > cmds.log
  615  cd ws6
  616  ls
  617  clear
  618  script ws6.txt
  619  git init 
  620  git status
  621  mv ../ws6/PRODUCTS/cmds.log ../ws6
  622  ls
  623  git status
  624  git add cmds.lo
  625  git add cmds.log
  626  git add ws6.txt
  627  git commit -m "Commit for ws6"
  628  git remote add origin https://github.com/apkormanik/ws6.git
  629  git branch -M main
  630  git push -u origin main
  631  exit
  632  clear
  633  cd
  634  head amazon_reviews_us_Books_v1_02.101lines.tsv
  635  head amazon_reviews_us_Books_v1_02.tsv > head amazon_reviews_us_Books_v1_02.101lines.tsv
  636  head amazon_reviews_us_Books_v1_02.tsv > amazon_reviews_us_Books_v1_02.101lines.tsv
  637  head amazon_reviews_us_Books_v1_02.101lines.tsv
  638  awk '{print $14}' amazon_reviews_us_Books_v1_02.101lines.tsv
  639  head -n 1 amazon_reviews_us_Books_v1_02.101lines.tsv
  640  awk -F '{print $14}' amazon_reviews_us_Books_v1_02.101lines.tsv
  641  awk 'BEGIN { FS = "Tab" } ; {print $14}' amazon_reviews_us_Books_v1_02.101lines.ts
  642  awk 'BEGIN { FS = "^VTab" } ; {print $14}' amazon_reviews_us_Books_v1_02.101lines.tsv
  643  awk 'BEGIN { FS = " " } ; {print $14}' amazon_reviews_us_Books_v1_02.101lines.tsv
  644  awk -F '\t' '{print $14}' amazon_reviews_us_Books_v1_02.101lines.tsv
  645  awk -F '\t' '{print $14}' amazon_reviews_us_Books_v1_02.101lines.tsv > review_body.tsv
  646  mv review_body.tsv > ../ws7
  647  sed -i "s/<[a-zA-Z]+_\/>//g" review_body.tsv
  648  vi review_body.tsv
  649  sed -i "s/<br_\/>//g" review_body.tsv
  650  vi review_body.tsv
  651  sed -i 's/<[a-zA-Z]*_\/>//g' review_body.tsv
  652  vi review_body.tsv
  653  sed -i 's/<br_\/>//g' review_body.tsv
  654  vi review_body.tsv
  655  sed -i 's/<.._\/>//g' review_body.tsv
  656  vi review_body.tsv
  657  sed -i 's/<.._\/>//g' amazon_reviews_us_Books_v1_02.101lines.tsv
  658  vi amazon_reviews_us_Books_v1_02.101lines.tsv
  659  head -n 11 amazon_reviews_us_Books_v1_02.tsv > amazon_reviews_us_Books_v1_02.101lines.tsv
  660  vi amazon_reviews_us_Books_v1_02.101lines.tsv
  661  sed -1 's/<[a-z]* \/>//g' amazon_reviews_us_Books_v1_02.101lines.tsv
  662  sed -i 's/<[a-zA-Z]* \/>//g' amazon_reviews_us_Books_v1_02.101lines.tsv
  663  vi amazon_reviews_us_Books_v1_02.101lines.tsv
  664  vi review_body.tsv
  665  sed -i 's/<[a-zA-Z]* \/>//g' vi review_body.tsv
  666  sed -i 's/<[a-zA-Z]* \/>//g' review_body.tsv
  667  vi review_body.tsv
  668  sed 's/\<and\>//g' review_body.tsv
  669  sed -i 's/\<and\>//g' review_body.tsv
  670  sed -i 's/\<or\>//g' review_body.ts
  671  sed -i 's/\<or\>//g' review_body.tsv
  672  sed -i 's/\<if\>//g' review_body.tsv
  673  sed -i 's/\<in\>//g' review_body.tsv
  674  sed -i 's/\<it\>//g' review_body.tsv
  675  vi review_body.tsv
  676  sed -i 's/,/\/g' review_body.tsv
  677  sed -i 's/\<,\>//g' review_body.tsv
  678  sed -i 's/\<.\>//g' review_body.tsv
  679  sed -i 's/\<;\>//g' review_body.tsv
  680  vi review_body.tsv
  681  cd ws7
  682  history>cmds.log
